<?xml version="1.0" encoding="UTF-8"?>
<!-- Generated by org.testng.reporters.JUnitReportReporter -->
<testsuite hostname="DESKTOP-GMAST3H" failures="0" tests="6" name="api.test.DataDrivenTest" time="11.379" errors="0" timestamp="2024-01-11T16:26:07 IST" skipped="0">
  <testcase classname="api.test.DataDrivenTest" name="testPostUser" time="4.694"/>
  <testcase classname="api.test.DataDrivenTest" name="testPostUser" time="1.283"/>
  <testcase classname="api.test.DataDrivenTest" name="testPostUser" time="1.346"/>
  <testcase classname="api.test.DataDrivenTest" name="deletUser" time="1.370"/>
  <testcase classname="api.test.DataDrivenTest" name="deletUser" time="1.365"/>
  <testcase classname="api.test.DataDrivenTest" name="deletUser" time="1.321"/>
</testsuite> <!-- api.test.DataDrivenTest -->
