<?xml version="1.0" encoding="UTF-8"?>
<!-- Generated by org.testng.reporters.JUnitReportReporter -->
<testsuite hostname="DESKTOP-GMAST3H" failures="0" tests="4" name="api.test.UserTest" time="8.285" errors="0" timestamp="2024-01-13T10:14:24 IST" skipped="0">
  <testcase classname="api.test.UserTest" name="postUser" time="2.908"/>
  <testcase classname="api.test.UserTest" name="getUser" time="1.279"/>
  <testcase classname="api.test.UserTest" name="UpdateUser" time="2.524"/>
  <testcase classname="api.test.UserTest" name="deleteUser" time="1.574"/>
</testsuite> <!-- api.test.UserTest -->
