<?xml version="1.0" encoding="UTF-8"?>
<!-- Generated by org.testng.reporters.JUnitReportReporter -->
<testsuite hostname="DESKTOP-GMAST3H" failures="0" tests="4" name="api.test.UserTest" time="11.730" errors="0" timestamp="2024-01-18T15:30:19 IST" skipped="0">
  <testcase classname="api.test.UserTest" name="postUser" time="6.239"/>
  <testcase classname="api.test.UserTest" name="getUser" time="1.430"/>
  <testcase classname="api.test.UserTest" name="UpdateUser" time="2.728"/>
  <testcase classname="api.test.UserTest" name="deleteUser" time="1.333"/>
</testsuite> <!-- api.test.UserTest -->
